2022-08-07 16:27:15.323  INFO 1072 --- [main] .c.r.c.s.RhConfiguracaoServerApplication : Starting RhConfiguracaoServerApplication using Java 15.0.1 on DESKTOP-DTHLGAE with PID 1072 (E:\Eclipse\Workspace\springcloudNetflix\MicroservicosSpringNetflix\rh-configuracao-server\target\classes started by Cristiano Borges in E:\Eclipse\Workspace\springcloudNetflix\MicroservicosSpringNetflix\rh-configuracao-server)
2022-08-07 16:27:15.325  INFO 1072 --- [main] .c.r.c.s.RhConfiguracaoServerApplication : No active profile set, falling back to 1 default profile: "default"
2022-08-07 16:27:15.849  INFO 1072 --- [main] o.s.cloud.context.scope.GenericScope     : BeanFactory id=5ba99488-48a8-3736-82e9-a7edb38a0a42
2022-08-07 16:27:16.035  INFO 1072 --- [main] o.s.b.w.embedded.tomcat.TomcatWebServer  : Tomcat initialized with port(s): 8888 (http)
2022-08-07 16:27:16.043  INFO 1072 --- [main] o.apache.catalina.core.StandardService   : Starting service [Tomcat]
2022-08-07 16:27:16.043  INFO 1072 --- [main] org.apache.catalina.core.StandardEngine  : Starting Servlet engine: [Apache Tomcat/9.0.60]
2022-08-07 16:27:16.138  INFO 1072 --- [main] o.a.c.c.C.[Tomcat].[localhost].[/]       : Initializing Spring embedded WebApplicationContext
2022-08-07 16:27:16.139  INFO 1072 --- [main] w.s.c.ServletWebServerApplicationContext : Root WebApplicationContext: initialization completed in 786 ms
2022-08-07 16:27:16.888  WARN 1072 --- [main] ConfigServletWebServerApplicationContext : Exception encountered during context initialization - cancelling refresh attempt: org.springframework.context.ApplicationContextException: Failed to start bean 'webServerStartStop'; nested exception is org.springframework.boot.web.server.PortInUseException: Port 8888 is already in use
2022-08-07 16:27:16.891  INFO 1072 --- [main] o.apache.catalina.core.StandardService   : Stopping service [Tomcat]
2022-08-07 16:27:16.900  INFO 1072 --- [main] ConditionEvaluationReportLoggingListener : 

Error starting ApplicationContext. To display the conditions report re-run your application with 'debug' enabled.
2022-08-07 16:27:16.911 ERROR 1072 --- [main] o.s.b.d.LoggingFailureAnalysisReporter   : 

***************************
APPLICATION FAILED TO START
***************************

Description:

Web server failed to start. Port 8888 was already in use.

Action:

Identify and stop the process that's listening on port 8888 or configure this application to listen on another port.

2022-08-07 16:28:43.067  INFO 12772 --- [main] .c.r.c.s.RhConfiguracaoServerApplication : Starting RhConfiguracaoServerApplication using Java 15.0.1 on DESKTOP-DTHLGAE with PID 12772 (E:\Eclipse\Workspace\springcloudNetflix\MicroservicosSpringNetflix\rh-configuracao-server\target\classes started by Cristiano Borges in E:\Eclipse\Workspace\springcloudNetflix\MicroservicosSpringNetflix\rh-configuracao-server)
2022-08-07 16:28:43.069  INFO 12772 --- [main] .c.r.c.s.RhConfiguracaoServerApplication : No active profile set, falling back to 1 default profile: "default"
2022-08-07 16:28:43.633  INFO 12772 --- [main] o.s.cloud.context.scope.GenericScope     : BeanFactory id=5ba99488-48a8-3736-82e9-a7edb38a0a42
2022-08-07 16:28:43.839  INFO 12772 --- [main] o.s.b.w.embedded.tomcat.TomcatWebServer  : Tomcat initialized with port(s): 8888 (http)
2022-08-07 16:28:43.847  INFO 12772 --- [main] o.apache.catalina.core.StandardService   : Starting service [Tomcat]
2022-08-07 16:28:43.847  INFO 12772 --- [main] org.apache.catalina.core.StandardEngine  : Starting Servlet engine: [Apache Tomcat/9.0.60]
2022-08-07 16:28:43.947  INFO 12772 --- [main] o.a.c.c.C.[Tomcat].[localhost].[/]       : Initializing Spring embedded WebApplicationContext
2022-08-07 16:28:43.948  INFO 12772 --- [main] w.s.c.ServletWebServerApplicationContext : Root WebApplicationContext: initialization completed in 848 ms
2022-08-07 16:28:44.733  WARN 12772 --- [main] ConfigServletWebServerApplicationContext : Exception encountered during context initialization - cancelling refresh attempt: org.springframework.context.ApplicationContextException: Failed to start bean 'webServerStartStop'; nested exception is org.springframework.boot.web.server.PortInUseException: Port 8888 is already in use
2022-08-07 16:28:44.736  INFO 12772 --- [main] o.apache.catalina.core.StandardService   : Stopping service [Tomcat]
2022-08-07 16:28:44.746  INFO 12772 --- [main] ConditionEvaluationReportLoggingListener : 

Error starting ApplicationContext. To display the conditions report re-run your application with 'debug' enabled.
2022-08-07 16:28:44.758 ERROR 12772 --- [main] o.s.b.d.LoggingFailureAnalysisReporter   : 

***************************
APPLICATION FAILED TO START
***************************

Description:

Web server failed to start. Port 8888 was already in use.

Action:

Identify and stop the process that's listening on port 8888 or configure this application to listen on another port.

