2022-08-07 16:08:35.289  INFO 26596 --- [main] .c.r.c.s.RhConfiguracaoServerApplication : Starting RhConfiguracaoServerApplication using Java 15.0.1 on DESKTOP-DTHLGAE with PID 26596 (E:\Eclipse\Workspace\springcloudNetflix\MicroservicosSpringNetflix\rh-configuracao-server\target\classes started by Cristiano Borges in E:\Eclipse\Workspace\springcloudNetflix\MicroservicosSpringNetflix\rh-configuracao-server)
2022-08-07 16:08:35.296  INFO 26596 --- [main] .c.r.c.s.RhConfiguracaoServerApplication : No active profile set, falling back to 1 default profile: "default"
2022-08-07 16:08:35.907  INFO 26596 --- [main] o.s.cloud.context.scope.GenericScope     : BeanFactory id=5ba99488-48a8-3736-82e9-a7edb38a0a42
2022-08-07 16:08:36.128  INFO 26596 --- [main] o.s.b.w.embedded.tomcat.TomcatWebServer  : Tomcat initialized with port(s): 8888 (http)
2022-08-07 16:08:36.138  INFO 26596 --- [main] o.apache.catalina.core.StandardService   : Starting service [Tomcat]
2022-08-07 16:08:36.138  INFO 26596 --- [main] org.apache.catalina.core.StandardEngine  : Starting Servlet engine: [Apache Tomcat/9.0.60]
2022-08-07 16:08:36.264  INFO 26596 --- [main] o.a.c.c.C.[Tomcat].[localhost].[/]       : Initializing Spring embedded WebApplicationContext
2022-08-07 16:08:36.264  INFO 26596 --- [main] w.s.c.ServletWebServerApplicationContext : Root WebApplicationContext: initialization completed in 940 ms
2022-08-07 16:08:37.112  INFO 26596 --- [main] o.s.b.w.embedded.tomcat.TomcatWebServer  : Tomcat started on port(s): 8888 (http) with context path ''
2022-08-07 16:08:37.363  INFO 26596 --- [main] .c.r.c.s.RhConfiguracaoServerApplication : Started RhConfiguracaoServerApplication in 2.612 seconds (JVM running for 3.217)
2022-08-07 16:08:43.604  INFO 26596 --- [http-nio-8888-exec-1] o.a.c.c.C.[Tomcat].[localhost].[/]       : Initializing Spring DispatcherServlet 'dispatcherServlet'
2022-08-07 16:08:43.604  INFO 26596 --- [http-nio-8888-exec-1] o.s.web.servlet.DispatcherServlet        : Initializing Servlet 'dispatcherServlet'
2022-08-07 16:08:43.605  INFO 26596 --- [http-nio-8888-exec-1] o.s.web.servlet.DispatcherServlet        : Completed initialization in 1 ms
2022-08-07 16:08:47.498  WARN 26596 --- [http-nio-8888-exec-1] .c.s.e.MultipleJGitEnvironmentRepository : Error occured cloning to base directory.

org.eclipse.jgit.api.errors.TransportException: https://github.com/crborges/full_spring_netflix: not authorized
	at org.eclipse.jgit.api.FetchCommand.call(FetchCommand.java:224) ~[org.eclipse.jgit-5.12.0.202106070339-r.jar:5.12.0.202106070339-r]
	at org.eclipse.jgit.api.CloneCommand.fetch(CloneCommand.java:303) ~[org.eclipse.jgit-5.12.0.202106070339-r.jar:5.12.0.202106070339-r]
	at org.eclipse.jgit.api.CloneCommand.call(CloneCommand.java:178) ~[org.eclipse.jgit-5.12.0.202106070339-r.jar:5.12.0.202106070339-r]
	at org.springframework.cloud.config.server.environment.JGitEnvironmentRepository.cloneToBasedir(JGitEnvironmentRepository.java:658) ~[spring-cloud-config-server-3.1.1.jar:3.1.1]
	at org.springframework.cloud.config.server.environment.JGitEnvironmentRepository.copyRepository(JGitEnvironmentRepository.java:633) ~[spring-cloud-config-server-3.1.1.jar:3.1.1]
	at org.springframework.cloud.config.server.environment.JGitEnvironmentRepository.createGitClient(JGitEnvironmentRepository.java:616) ~[spring-cloud-config-server-3.1.1.jar:3.1.1]
	at org.springframework.cloud.config.server.environment.JGitEnvironmentRepository.refresh(JGitEnvironmentRepository.java:296) ~[spring-cloud-config-server-3.1.1.jar:3.1.1]
	at org.springframework.cloud.config.server.environment.JGitEnvironmentRepository.getLocations(JGitEnvironmentRepository.java:262) ~[spring-cloud-config-server-3.1.1.jar:3.1.1]
	at org.springframework.cloud.config.server.environment.MultipleJGitEnvironmentRepository.getLocations(MultipleJGitEnvironmentRepository.java:139) ~[spring-cloud-config-server-3.1.1.jar:3.1.1]
	at org.springframework.cloud.config.server.environment.AbstractScmEnvironmentRepository.findOne(AbstractScmEnvironmentRepository.java:55) ~[spring-cloud-config-server-3.1.1.jar:3.1.1]
	at org.springframework.cloud.config.server.environment.MultipleJGitEnvironmentRepository.findOneFromCandidate(MultipleJGitEnvironmentRepository.java:188) ~[spring-cloud-config-server-3.1.1.jar:3.1.1]
	at org.springframework.cloud.config.server.environment.MultipleJGitEnvironmentRepository.findOne(MultipleJGitEnvironmentRepository.java:173) ~[spring-cloud-config-server-3.1.1.jar:3.1.1]
	at org.springframework.cloud.config.server.environment.CompositeEnvironmentRepository.findOne(CompositeEnvironmentRepository.java:64) ~[spring-cloud-config-server-3.1.1.jar:3.1.1]
	at org.springframework.cloud.config.server.environment.EnvironmentEncryptorEnvironmentRepository.findOne(EnvironmentEncryptorEnvironmentRepository.java:61) ~[spring-cloud-config-server-3.1.1.jar:3.1.1]
	at org.springframework.cloud.config.server.environment.EnvironmentController.getEnvironment(EnvironmentController.java:132) ~[spring-cloud-config-server-3.1.1.jar:3.1.1]
	at org.springframework.cloud.config.server.environment.EnvironmentController.defaultLabelIncludeOrigin(EnvironmentController.java:114) ~[spring-cloud-config-server-3.1.1.jar:3.1.1]
	at java.base/jdk.internal.reflect.NativeMethodAccessorImpl.invoke0(Native Method) ~[na:na]
	at java.base/jdk.internal.reflect.NativeMethodAccessorImpl.invoke(NativeMethodAccessorImpl.java:64) ~[na:na]
	at java.base/jdk.internal.reflect.DelegatingMethodAccessorImpl.invoke(DelegatingMethodAccessorImpl.java:43) ~[na:na]
	at java.base/java.lang.reflect.Method.invoke(Method.java:564) ~[na:na]
	at org.springframework.util.ReflectionUtils.invokeMethod(ReflectionUtils.java:282) ~[spring-core-5.3.17.jar:5.3.17]
	at org.springframework.cloud.context.scope.GenericScope$LockedScopedProxyFactoryBean.invoke(GenericScope.java:485) ~[spring-cloud-context-3.1.1.jar:3.1.1]
	at org.springframework.aop.framework.ReflectiveMethodInvocation.proceed(ReflectiveMethodInvocation.java:186) ~[spring-aop-5.3.17.jar:5.3.17]
	at org.springframework.aop.framework.CglibAopProxy$CglibMethodInvocation.proceed(CglibAopProxy.java:753) ~[spring-aop-5.3.17.jar:5.3.17]
	at org.springframework.aop.framework.CglibAopProxy$DynamicAdvisedInterceptor.intercept(CglibAopProxy.java:698) ~[spring-aop-5.3.17.jar:5.3.17]
	at org.springframework.cloud.config.server.environment.EnvironmentController$$EnhancerBySpringCGLIB$$bef616cb.defaultLabelIncludeOrigin(<generated>) ~[spring-cloud-config-server-3.1.1.jar:3.1.1]
	at java.base/jdk.internal.reflect.NativeMethodAccessorImpl.invoke0(Native Method) ~[na:na]
	at java.base/jdk.internal.reflect.NativeMethodAccessorImpl.invoke(NativeMethodAccessorImpl.java:64) ~[na:na]
	at java.base/jdk.internal.reflect.DelegatingMethodAccessorImpl.invoke(DelegatingMethodAccessorImpl.java:43) ~[na:na]
	at java.base/java.lang.reflect.Method.invoke(Method.java:564) ~[na:na]
	at org.springframework.web.method.support.InvocableHandlerMethod.doInvoke(InvocableHandlerMethod.java:205) ~[spring-web-5.3.17.jar:5.3.17]
	at org.springframework.web.method.support.InvocableHandlerMethod.invokeForRequest(InvocableHandlerMethod.java:150) ~[spring-web-5.3.17.jar:5.3.17]
	at org.springframework.web.servlet.mvc.method.annotation.ServletInvocableHandlerMethod.invokeAndHandle(ServletInvocableHandlerMethod.java:117) ~[spring-webmvc-5.3.17.jar:5.3.17]
	at org.springframework.web.servlet.mvc.method.annotation.RequestMappingHandlerAdapter.invokeHandlerMethod(RequestMappingHandlerAdapter.java:895) ~[spring-webmvc-5.3.17.jar:5.3.17]
	at org.springframework.web.servlet.mvc.method.annotation.RequestMappingHandlerAdapter.handleInternal(RequestMappingHandlerAdapter.java:808) ~[spring-webmvc-5.3.17.jar:5.3.17]
	at org.springframework.web.servlet.mvc.method.AbstractHandlerMethodAdapter.handle(AbstractHandlerMethodAdapter.java:87) ~[spring-webmvc-5.3.17.jar:5.3.17]
	at org.springframework.web.servlet.DispatcherServlet.doDispatch(DispatcherServlet.java:1067) ~[spring-webmvc-5.3.17.jar:5.3.17]
	at org.springframework.web.servlet.DispatcherServlet.doService(DispatcherServlet.java:963) ~[spring-webmvc-5.3.17.jar:5.3.17]
	at org.springframework.web.servlet.FrameworkServlet.processRequest(FrameworkServlet.java:1006) ~[spring-webmvc-5.3.17.jar:5.3.17]
	at org.springframework.web.servlet.FrameworkServlet.doGet(FrameworkServlet.java:898) ~[spring-webmvc-5.3.17.jar:5.3.17]
	at javax.servlet.http.HttpServlet.service(HttpServlet.java:655) ~[tomcat-embed-core-9.0.60.jar:4.0.FR]
	at org.springframework.web.servlet.FrameworkServlet.service(FrameworkServlet.java:883) ~[spring-webmvc-5.3.17.jar:5.3.17]
	at javax.servlet.http.HttpServlet.service(HttpServlet.java:764) ~[tomcat-embed-core-9.0.60.jar:4.0.FR]
	at org.apache.catalina.core.ApplicationFilterChain.internalDoFilter(ApplicationFilterChain.java:227) ~[tomcat-embed-core-9.0.60.jar:9.0.60]
	at org.apache.catalina.core.ApplicationFilterChain.doFilter(ApplicationFilterChain.java:162) ~[tomcat-embed-core-9.0.60.jar:9.0.60]
	at org.apache.tomcat.websocket.server.WsFilter.doFilter(WsFilter.java:53) ~[tomcat-embed-websocket-9.0.60.jar:9.0.60]
	at org.apache.catalina.core.ApplicationFilterChain.internalDoFilter(ApplicationFilterChain.java:189) ~[tomcat-embed-core-9.0.60.jar:9.0.60]
	at org.apache.catalina.core.ApplicationFilterChain.doFilter(ApplicationFilterChain.java:162) ~[tomcat-embed-core-9.0.60.jar:9.0.60]
	at org.springframework.web.filter.RequestContextFilter.doFilterInternal(RequestContextFilter.java:100) ~[spring-web-5.3.17.jar:5.3.17]
	at org.springframework.web.filter.OncePerRequestFilter.doFilter(OncePerRequestFilter.java:117) ~[spring-web-5.3.17.jar:5.3.17]
	at org.apache.catalina.core.ApplicationFilterChain.internalDoFilter(ApplicationFilterChain.java:189) ~[tomcat-embed-core-9.0.60.jar:9.0.60]
	at org.apache.catalina.core.ApplicationFilterChain.doFilter(ApplicationFilterChain.java:162) ~[tomcat-embed-core-9.0.60.jar:9.0.60]
	at org.springframework.web.filter.FormContentFilter.doFilterInternal(FormContentFilter.java:93) ~[spring-web-5.3.17.jar:5.3.17]
	at org.springframework.web.filter.OncePerRequestFilter.doFilter(OncePerRequestFilter.java:117) ~[spring-web-5.3.17.jar:5.3.17]
	at org.apache.catalina.core.ApplicationFilterChain.internalDoFilter(ApplicationFilterChain.java:189) ~[tomcat-embed-core-9.0.60.jar:9.0.60]
	at org.apache.catalina.core.ApplicationFilterChain.doFilter(ApplicationFilterChain.java:162) ~[tomcat-embed-core-9.0.60.jar:9.0.60]
	at org.springframework.web.filter.CharacterEncodingFilter.doFilterInternal(CharacterEncodingFilter.java:201) ~[spring-web-5.3.17.jar:5.3.17]
	at org.springframework.web.filter.OncePerRequestFilter.doFilter(OncePerRequestFilter.java:117) ~[spring-web-5.3.17.jar:5.3.17]
	at org.apache.catalina.core.ApplicationFilterChain.internalDoFilter(ApplicationFilterChain.java:189) ~[tomcat-embed-core-9.0.60.jar:9.0.60]
	at org.apache.catalina.core.ApplicationFilterChain.doFilter(ApplicationFilterChain.java:162) ~[tomcat-embed-core-9.0.60.jar:9.0.60]
	at org.apache.catalina.core.StandardWrapperValve.invoke(StandardWrapperValve.java:197) ~[tomcat-embed-core-9.0.60.jar:9.0.60]
	at org.apache.catalina.core.StandardContextValve.invoke(StandardContextValve.java:97) ~[tomcat-embed-core-9.0.60.jar:9.0.60]
	at org.apache.catalina.authenticator.AuthenticatorBase.invoke(AuthenticatorBase.java:541) ~[tomcat-embed-core-9.0.60.jar:9.0.60]
	at org.apache.catalina.core.StandardHostValve.invoke(StandardHostValve.java:135) ~[tomcat-embed-core-9.0.60.jar:9.0.60]
	at org.apache.catalina.valves.ErrorReportValve.invoke(ErrorReportValve.java:92) ~[tomcat-embed-core-9.0.60.jar:9.0.60]
	at org.apache.catalina.core.StandardEngineValve.invoke(StandardEngineValve.java:78) ~[tomcat-embed-core-9.0.60.jar:9.0.60]
	at org.apache.catalina.connector.CoyoteAdapter.service(CoyoteAdapter.java:360) ~[tomcat-embed-core-9.0.60.jar:9.0.60]
	at org.apache.coyote.http11.Http11Processor.service(Http11Processor.java:399) ~[tomcat-embed-core-9.0.60.jar:9.0.60]
	at org.apache.coyote.AbstractProcessorLight.process(AbstractProcessorLight.java:65) ~[tomcat-embed-core-9.0.60.jar:9.0.60]
	at org.apache.coyote.AbstractProtocol$ConnectionHandler.process(AbstractProtocol.java:889) ~[tomcat-embed-core-9.0.60.jar:9.0.60]
	at org.apache.tomcat.util.net.NioEndpoint$SocketProcessor.doRun(NioEndpoint.java:1743) ~[tomcat-embed-core-9.0.60.jar:9.0.60]
	at org.apache.tomcat.util.net.SocketProcessorBase.run(SocketProcessorBase.java:49) ~[tomcat-embed-core-9.0.60.jar:9.0.60]
	at org.apache.tomcat.util.threads.ThreadPoolExecutor.runWorker(ThreadPoolExecutor.java:1191) ~[tomcat-embed-core-9.0.60.jar:9.0.60]
	at org.apache.tomcat.util.threads.ThreadPoolExecutor$Worker.run(ThreadPoolExecutor.java:659) ~[tomcat-embed-core-9.0.60.jar:9.0.60]
	at org.apache.tomcat.util.threads.TaskThread$WrappingRunnable.run(TaskThread.java:61) ~[tomcat-embed-core-9.0.60.jar:9.0.60]
	at java.base/java.lang.Thread.run(Thread.java:832) ~[na:na]
Caused by: org.eclipse.jgit.errors.TransportException: https://github.com/crborges/full_spring_netflix: not authorized
	at org.eclipse.jgit.transport.TransportHttp.connect(TransportHttp.java:685) ~[org.eclipse.jgit-5.12.0.202106070339-r.jar:5.12.0.202106070339-r]
	at org.eclipse.jgit.transport.TransportHttp.openFetch(TransportHttp.java:465) ~[org.eclipse.jgit-5.12.0.202106070339-r.jar:5.12.0.202106070339-r]
	at org.eclipse.jgit.transport.FetchProcess.executeImp(FetchProcess.java:142) ~[org.eclipse.jgit-5.12.0.202106070339-r.jar:5.12.0.202106070339-r]
	at org.eclipse.jgit.transport.FetchProcess.execute(FetchProcess.java:94) ~[org.eclipse.jgit-5.12.0.202106070339-r.jar:5.12.0.202106070339-r]
	at org.eclipse.jgit.transport.Transport.fetch(Transport.java:1309) ~[org.eclipse.jgit-5.12.0.202106070339-r.jar:5.12.0.202106070339-r]
	at org.eclipse.jgit.api.FetchCommand.call(FetchCommand.java:213) ~[org.eclipse.jgit-5.12.0.202106070339-r.jar:5.12.0.202106070339-r]
	... 75 common frames omitted

2022-08-07 16:08:47.500  INFO 26596 --- [http-nio-8888-exec-1] .c.s.e.MultipleJGitEnvironmentRepository : Could not refresh default label main

org.springframework.cloud.config.server.environment.NoSuchRepositoryException: Cannot clone or checkout repository: https://github.com/crborges/full_spring_netflix
	at org.springframework.cloud.config.server.environment.JGitEnvironmentRepository.refresh(JGitEnvironmentRepository.java:320) ~[spring-cloud-config-server-3.1.1.jar:3.1.1]
	at org.springframework.cloud.config.server.environment.JGitEnvironmentRepository.getLocations(JGitEnvironmentRepository.java:262) ~[spring-cloud-config-server-3.1.1.jar:3.1.1]
	at org.springframework.cloud.config.server.environment.MultipleJGitEnvironmentRepository.getLocations(MultipleJGitEnvironmentRepository.java:139) ~[spring-cloud-config-server-3.1.1.jar:3.1.1]
	at org.springframework.cloud.config.server.environment.AbstractScmEnvironmentRepository.findOne(AbstractScmEnvironmentRepository.java:55) ~[spring-cloud-config-server-3.1.1.jar:3.1.1]
	at org.springframework.cloud.config.server.environment.MultipleJGitEnvironmentRepository.findOneFromCandidate(MultipleJGitEnvironmentRepository.java:188) ~[spring-cloud-config-server-3.1.1.jar:3.1.1]
	at org.springframework.cloud.config.server.environment.MultipleJGitEnvironmentRepository.findOne(MultipleJGitEnvironmentRepository.java:173) ~[spring-cloud-config-server-3.1.1.jar:3.1.1]
	at org.springframework.cloud.config.server.environment.CompositeEnvironmentRepository.findOne(CompositeEnvironmentRepository.java:64) ~[spring-cloud-config-server-3.1.1.jar:3.1.1]
	at org.springframework.cloud.config.server.environment.EnvironmentEncryptorEnvironmentRepository.findOne(EnvironmentEncryptorEnvironmentRepository.java:61) ~[spring-cloud-config-server-3.1.1.jar:3.1.1]
	at org.springframework.cloud.config.server.environment.EnvironmentController.getEnvironment(EnvironmentController.java:132) ~[spring-cloud-config-server-3.1.1.jar:3.1.1]
	at org.springframework.cloud.config.server.environment.EnvironmentController.defaultLabelIncludeOrigin(EnvironmentController.java:114) ~[spring-cloud-config-server-3.1.1.jar:3.1.1]
	at java.base/jdk.internal.reflect.NativeMethodAccessorImpl.invoke0(Native Method) ~[na:na]
	at java.base/jdk.internal.reflect.NativeMethodAccessorImpl.invoke(NativeMethodAccessorImpl.java:64) ~[na:na]
	at java.base/jdk.internal.reflect.DelegatingMethodAccessorImpl.invoke(DelegatingMethodAccessorImpl.java:43) ~[na:na]
	at java.base/java.lang.reflect.Method.invoke(Method.java:564) ~[na:na]
	at org.springframework.util.ReflectionUtils.invokeMethod(ReflectionUtils.java:282) ~[spring-core-5.3.17.jar:5.3.17]
	at org.springframework.cloud.context.scope.GenericScope$LockedScopedProxyFactoryBean.invoke(GenericScope.java:485) ~[spring-cloud-context-3.1.1.jar:3.1.1]
	at org.springframework.aop.framework.ReflectiveMethodInvocation.proceed(ReflectiveMethodInvocation.java:186) ~[spring-aop-5.3.17.jar:5.3.17]
	at org.springframework.aop.framework.CglibAopProxy$CglibMethodInvocation.proceed(CglibAopProxy.java:753) ~[spring-aop-5.3.17.jar:5.3.17]
	at org.springframework.aop.framework.CglibAopProxy$DynamicAdvisedInterceptor.intercept(CglibAopProxy.java:698) ~[spring-aop-5.3.17.jar:5.3.17]
	at org.springframework.cloud.config.server.environment.EnvironmentController$$EnhancerBySpringCGLIB$$bef616cb.defaultLabelIncludeOrigin(<generated>) ~[spring-cloud-config-server-3.1.1.jar:3.1.1]
	at java.base/jdk.internal.reflect.NativeMethodAccessorImpl.invoke0(Native Method) ~[na:na]
	at java.base/jdk.internal.reflect.NativeMethodAccessorImpl.invoke(NativeMethodAccessorImpl.java:64) ~[na:na]
	at java.base/jdk.internal.reflect.DelegatingMethodAccessorImpl.invoke(DelegatingMethodAccessorImpl.java:43) ~[na:na]
	at java.base/java.lang.reflect.Method.invoke(Method.java:564) ~[na:na]
	at org.springframework.web.method.support.InvocableHandlerMethod.doInvoke(InvocableHandlerMethod.java:205) ~[spring-web-5.3.17.jar:5.3.17]
	at org.springframework.web.method.support.InvocableHandlerMethod.invokeForRequest(InvocableHandlerMethod.java:150) ~[spring-web-5.3.17.jar:5.3.17]
	at org.springframework.web.servlet.mvc.method.annotation.ServletInvocableHandlerMethod.invokeAndHandle(ServletInvocableHandlerMethod.java:117) ~[spring-webmvc-5.3.17.jar:5.3.17]
	at org.springframework.web.servlet.mvc.method.annotation.RequestMappingHandlerAdapter.invokeHandlerMethod(RequestMappingHandlerAdapter.java:895) ~[spring-webmvc-5.3.17.jar:5.3.17]
	at org.springframework.web.servlet.mvc.method.annotation.RequestMappingHandlerAdapter.handleInternal(RequestMappingHandlerAdapter.java:808) ~[spring-webmvc-5.3.17.jar:5.3.17]
	at org.springframework.web.servlet.mvc.method.AbstractHandlerMethodAdapter.handle(AbstractHandlerMethodAdapter.java:87) ~[spring-webmvc-5.3.17.jar:5.3.17]
	at org.springframework.web.servlet.DispatcherServlet.doDispatch(DispatcherServlet.java:1067) ~[spring-webmvc-5.3.17.jar:5.3.17]
	at org.springframework.web.servlet.DispatcherServlet.doService(DispatcherServlet.java:963) ~[spring-webmvc-5.3.17.jar:5.3.17]
	at org.springframework.web.servlet.FrameworkServlet.processRequest(FrameworkServlet.java:1006) ~[spring-webmvc-5.3.17.jar:5.3.17]
	at org.springframework.web.servlet.FrameworkServlet.doGet(FrameworkServlet.java:898) ~[spring-webmvc-5.3.17.jar:5.3.17]
	at javax.servlet.http.HttpServlet.service(HttpServlet.java:655) ~[tomcat-embed-core-9.0.60.jar:4.0.FR]
	at org.springframework.web.servlet.FrameworkServlet.service(FrameworkServlet.java:883) ~[spring-webmvc-5.3.17.jar:5.3.17]
	at javax.servlet.http.HttpServlet.service(HttpServlet.java:764) ~[tomcat-embed-core-9.0.60.jar:4.0.FR]
	at org.apache.catalina.core.ApplicationFilterChain.internalDoFilter(ApplicationFilterChain.java:227) ~[tomcat-embed-core-9.0.60.jar:9.0.60]
	at org.apache.catalina.core.ApplicationFilterChain.doFilter(ApplicationFilterChain.java:162) ~[tomcat-embed-core-9.0.60.jar:9.0.60]
	at org.apache.tomcat.websocket.server.WsFilter.doFilter(WsFilter.java:53) ~[tomcat-embed-websocket-9.0.60.jar:9.0.60]
	at org.apache.catalina.core.ApplicationFilterChain.internalDoFilter(ApplicationFilterChain.java:189) ~[tomcat-embed-core-9.0.60.jar:9.0.60]
	at org.apache.catalina.core.ApplicationFilterChain.doFilter(ApplicationFilterChain.java:162) ~[tomcat-embed-core-9.0.60.jar:9.0.60]
	at org.springframework.web.filter.RequestContextFilter.doFilterInternal(RequestContextFilter.java:100) ~[spring-web-5.3.17.jar:5.3.17]
	at org.springframework.web.filter.OncePerRequestFilter.doFilter(OncePerRequestFilter.java:117) ~[spring-web-5.3.17.jar:5.3.17]
	at org.apache.catalina.core.ApplicationFilterChain.internalDoFilter(ApplicationFilterChain.java:189) ~[tomcat-embed-core-9.0.60.jar:9.0.60]
	at org.apache.catalina.core.ApplicationFilterChain.doFilter(ApplicationFilterChain.java:162) ~[tomcat-embed-core-9.0.60.jar:9.0.60]
	at org.springframework.web.filter.FormContentFilter.doFilterInternal(FormContentFilter.java:93) ~[spring-web-5.3.17.jar:5.3.17]
	at org.springframework.web.filter.OncePerRequestFilter.doFilter(OncePerRequestFilter.java:117) ~[spring-web-5.3.17.jar:5.3.17]
	at org.apache.catalina.core.ApplicationFilterChain.internalDoFilter(ApplicationFilterChain.java:189) ~[tomcat-embed-core-9.0.60.jar:9.0.60]
	at org.apache.catalina.core.ApplicationFilterChain.doFilter(ApplicationFilterChain.java:162) ~[tomcat-embed-core-9.0.60.jar:9.0.60]
	at org.springframework.web.filter.CharacterEncodingFilter.doFilterInternal(CharacterEncodingFilter.java:201) ~[spring-web-5.3.17.jar:5.3.17]
	at org.springframework.web.filter.OncePerRequestFilter.doFilter(OncePerRequestFilter.java:117) ~[spring-web-5.3.17.jar:5.3.17]
	at org.apache.catalina.core.ApplicationFilterChain.internalDoFilter(ApplicationFilterChain.java:189) ~[tomcat-embed-core-9.0.60.jar:9.0.60]
	at org.apache.catalina.core.ApplicationFilterChain.doFilter(ApplicationFilterChain.java:162) ~[tomcat-embed-core-9.0.60.jar:9.0.60]
	at org.apache.catalina.core.StandardWrapperValve.invoke(StandardWrapperValve.java:197) ~[tomcat-embed-core-9.0.60.jar:9.0.60]
	at org.apache.catalina.core.StandardContextValve.invoke(StandardContextValve.java:97) ~[tomcat-embed-core-9.0.60.jar:9.0.60]
	at org.apache.catalina.authenticator.AuthenticatorBase.invoke(AuthenticatorBase.java:541) ~[tomcat-embed-core-9.0.60.jar:9.0.60]
	at org.apache.catalina.core.StandardHostValve.invoke(StandardHostValve.java:135) ~[tomcat-embed-core-9.0.60.jar:9.0.60]
	at org.apache.catalina.valves.ErrorReportValve.invoke(ErrorReportValve.java:92) ~[tomcat-embed-core-9.0.60.jar:9.0.60]
	at org.apache.catalina.core.StandardEngineValve.invoke(StandardEngineValve.java:78) ~[tomcat-embed-core-9.0.60.jar:9.0.60]
	at org.apache.catalina.connector.CoyoteAdapter.service(CoyoteAdapter.java:360) ~[tomcat-embed-core-9.0.60.jar:9.0.60]
	at org.apache.coyote.http11.Http11Processor.service(Http11Processor.java:399) ~[tomcat-embed-core-9.0.60.jar:9.0.60]
	at org.apache.coyote.AbstractProcessorLight.process(AbstractProcessorLight.java:65) ~[tomcat-embed-core-9.0.60.jar:9.0.60]
	at org.apache.coyote.AbstractProtocol$ConnectionHandler.process(AbstractProtocol.java:889) ~[tomcat-embed-core-9.0.60.jar:9.0.60]
	at org.apache.tomcat.util.net.NioEndpoint$SocketProcessor.doRun(NioEndpoint.java:1743) ~[tomcat-embed-core-9.0.60.jar:9.0.60]
	at org.apache.tomcat.util.net.SocketProcessorBase.run(SocketProcessorBase.java:49) ~[tomcat-embed-core-9.0.60.jar:9.0.60]
	at org.apache.tomcat.util.threads.ThreadPoolExecutor.runWorker(ThreadPoolExecutor.java:1191) ~[tomcat-embed-core-9.0.60.jar:9.0.60]
	at org.apache.tomcat.util.threads.ThreadPoolExecutor$Worker.run(ThreadPoolExecutor.java:659) ~[tomcat-embed-core-9.0.60.jar:9.0.60]
	at org.apache.tomcat.util.threads.TaskThread$WrappingRunnable.run(TaskThread.java:61) ~[tomcat-embed-core-9.0.60.jar:9.0.60]
	at java.base/java.lang.Thread.run(Thread.java:832) ~[na:na]
Caused by: org.eclipse.jgit.api.errors.TransportException: https://github.com/crborges/full_spring_netflix: not authorized
	at org.eclipse.jgit.api.FetchCommand.call(FetchCommand.java:224) ~[org.eclipse.jgit-5.12.0.202106070339-r.jar:5.12.0.202106070339-r]
	at org.eclipse.jgit.api.CloneCommand.fetch(CloneCommand.java:303) ~[org.eclipse.jgit-5.12.0.202106070339-r.jar:5.12.0.202106070339-r]
	at org.eclipse.jgit.api.CloneCommand.call(CloneCommand.java:178) ~[org.eclipse.jgit-5.12.0.202106070339-r.jar:5.12.0.202106070339-r]
	at org.springframework.cloud.config.server.environment.JGitEnvironmentRepository.cloneToBasedir(JGitEnvironmentRepository.java:658) ~[spring-cloud-config-server-3.1.1.jar:3.1.1]
	at org.springframework.cloud.config.server.environment.JGitEnvironmentRepository.copyRepository(JGitEnvironmentRepository.java:633) ~[spring-cloud-config-server-3.1.1.jar:3.1.1]
	at org.springframework.cloud.config.server.environment.JGitEnvironmentRepository.createGitClient(JGitEnvironmentRepository.java:616) ~[spring-cloud-config-server-3.1.1.jar:3.1.1]
	at org.springframework.cloud.config.server.environment.JGitEnvironmentRepository.refresh(JGitEnvironmentRepository.java:296) ~[spring-cloud-config-server-3.1.1.jar:3.1.1]
	... 69 common frames omitted
Caused by: org.eclipse.jgit.errors.TransportException: https://github.com/crborges/full_spring_netflix: not authorized
	at org.eclipse.jgit.transport.TransportHttp.connect(TransportHttp.java:685) ~[org.eclipse.jgit-5.12.0.202106070339-r.jar:5.12.0.202106070339-r]
	at org.eclipse.jgit.transport.TransportHttp.openFetch(TransportHttp.java:465) ~[org.eclipse.jgit-5.12.0.202106070339-r.jar:5.12.0.202106070339-r]
	at org.eclipse.jgit.transport.FetchProcess.executeImp(FetchProcess.java:142) ~[org.eclipse.jgit-5.12.0.202106070339-r.jar:5.12.0.202106070339-r]
	at org.eclipse.jgit.transport.FetchProcess.execute(FetchProcess.java:94) ~[org.eclipse.jgit-5.12.0.202106070339-r.jar:5.12.0.202106070339-r]
	at org.eclipse.jgit.transport.Transport.fetch(Transport.java:1309) ~[org.eclipse.jgit-5.12.0.202106070339-r.jar:5.12.0.202106070339-r]
	at org.eclipse.jgit.api.FetchCommand.call(FetchCommand.java:213) ~[org.eclipse.jgit-5.12.0.202106070339-r.jar:5.12.0.202106070339-r]
	... 75 common frames omitted

2022-08-07 16:08:47.502  INFO 26596 --- [http-nio-8888-exec-1] .c.s.e.MultipleJGitEnvironmentRepository : Will try to checkout master label instead.
2022-08-07 16:08:50.870  WARN 26596 --- [http-nio-8888-exec-1] .c.s.e.MultipleJGitEnvironmentRepository : Error occured cloning to base directory.

org.eclipse.jgit.api.errors.TransportException: https://github.com/crborges/full_spring_netflix: not authorized
	at org.eclipse.jgit.api.FetchCommand.call(FetchCommand.java:224) ~[org.eclipse.jgit-5.12.0.202106070339-r.jar:5.12.0.202106070339-r]
	at org.eclipse.jgit.api.CloneCommand.fetch(CloneCommand.java:303) ~[org.eclipse.jgit-5.12.0.202106070339-r.jar:5.12.0.202106070339-r]
	at org.eclipse.jgit.api.CloneCommand.call(CloneCommand.java:178) ~[org.eclipse.jgit-5.12.0.202106070339-r.jar:5.12.0.202106070339-r]
	at org.springframework.cloud.config.server.environment.JGitEnvironmentRepository.cloneToBasedir(JGitEnvironmentRepository.java:658) ~[spring-cloud-config-server-3.1.1.jar:3.1.1]
	at org.springframework.cloud.config.server.environment.JGitEnvironmentRepository.copyRepository(JGitEnvironmentRepository.java:633) ~[spring-cloud-config-server-3.1.1.jar:3.1.1]
	at org.springframework.cloud.config.server.environment.JGitEnvironmentRepository.createGitClient(JGitEnvironmentRepository.java:616) ~[spring-cloud-config-server-3.1.1.jar:3.1.1]
	at org.springframework.cloud.config.server.environment.JGitEnvironmentRepository.refresh(JGitEnvironmentRepository.java:296) ~[spring-cloud-config-server-3.1.1.jar:3.1.1]
	at org.springframework.cloud.config.server.environment.JGitEnvironmentRepository.getLocations(JGitEnvironmentRepository.java:269) ~[spring-cloud-config-server-3.1.1.jar:3.1.1]
	at org.springframework.cloud.config.server.environment.MultipleJGitEnvironmentRepository.getLocations(MultipleJGitEnvironmentRepository.java:139) ~[spring-cloud-config-server-3.1.1.jar:3.1.1]
	at org.springframework.cloud.config.server.environment.AbstractScmEnvironmentRepository.findOne(AbstractScmEnvironmentRepository.java:55) ~[spring-cloud-config-server-3.1.1.jar:3.1.1]
	at org.springframework.cloud.config.server.environment.MultipleJGitEnvironmentRepository.findOneFromCandidate(MultipleJGitEnvironmentRepository.java:188) ~[spring-cloud-config-server-3.1.1.jar:3.1.1]
	at org.springframework.cloud.config.server.environment.MultipleJGitEnvironmentRepository.findOne(MultipleJGitEnvironmentRepository.java:173) ~[spring-cloud-config-server-3.1.1.jar:3.1.1]
	at org.springframework.cloud.config.server.environment.CompositeEnvironmentRepository.findOne(CompositeEnvironmentRepository.java:64) ~[spring-cloud-config-server-3.1.1.jar:3.1.1]
	at org.springframework.cloud.config.server.environment.EnvironmentEncryptorEnvironmentRepository.findOne(EnvironmentEncryptorEnvironmentRepository.java:61) ~[spring-cloud-config-server-3.1.1.jar:3.1.1]
	at org.springframework.cloud.config.server.environment.EnvironmentController.getEnvironment(EnvironmentController.java:132) ~[spring-cloud-config-server-3.1.1.jar:3.1.1]
	at org.springframework.cloud.config.server.environment.EnvironmentController.defaultLabelIncludeOrigin(EnvironmentController.java:114) ~[spring-cloud-config-server-3.1.1.jar:3.1.1]
	at java.base/jdk.internal.reflect.NativeMethodAccessorImpl.invoke0(Native Method) ~[na:na]
	at java.base/jdk.internal.reflect.NativeMethodAccessorImpl.invoke(NativeMethodAccessorImpl.java:64) ~[na:na]
	at java.base/jdk.internal.reflect.DelegatingMethodAccessorImpl.invoke(DelegatingMethodAccessorImpl.java:43) ~[na:na]
	at java.base/java.lang.reflect.Method.invoke(Method.java:564) ~[na:na]
	at org.springframework.util.ReflectionUtils.invokeMethod(ReflectionUtils.java:282) ~[spring-core-5.3.17.jar:5.3.17]
	at org.springframework.cloud.context.scope.GenericScope$LockedScopedProxyFactoryBean.invoke(GenericScope.java:485) ~[spring-cloud-context-3.1.1.jar:3.1.1]
	at org.springframework.aop.framework.ReflectiveMethodInvocation.proceed(ReflectiveMethodInvocation.java:186) ~[spring-aop-5.3.17.jar:5.3.17]
	at org.springframework.aop.framework.CglibAopProxy$CglibMethodInvocation.proceed(CglibAopProxy.java:753) ~[spring-aop-5.3.17.jar:5.3.17]
	at org.springframework.aop.framework.CglibAopProxy$DynamicAdvisedInterceptor.intercept(CglibAopProxy.java:698) ~[spring-aop-5.3.17.jar:5.3.17]
	at org.springframework.cloud.config.server.environment.EnvironmentController$$EnhancerBySpringCGLIB$$bef616cb.defaultLabelIncludeOrigin(<generated>) ~[spring-cloud-config-server-3.1.1.jar:3.1.1]
	at java.base/jdk.internal.reflect.NativeMethodAccessorImpl.invoke0(Native Method) ~[na:na]
	at java.base/jdk.internal.reflect.NativeMethodAccessorImpl.invoke(NativeMethodAccessorImpl.java:64) ~[na:na]
	at java.base/jdk.internal.reflect.DelegatingMethodAccessorImpl.invoke(DelegatingMethodAccessorImpl.java:43) ~[na:na]
	at java.base/java.lang.reflect.Method.invoke(Method.java:564) ~[na:na]
	at org.springframework.web.method.support.InvocableHandlerMethod.doInvoke(InvocableHandlerMethod.java:205) ~[spring-web-5.3.17.jar:5.3.17]
	at org.springframework.web.method.support.InvocableHandlerMethod.invokeForRequest(InvocableHandlerMethod.java:150) ~[spring-web-5.3.17.jar:5.3.17]
	at org.springframework.web.servlet.mvc.method.annotation.ServletInvocableHandlerMethod.invokeAndHandle(ServletInvocableHandlerMethod.java:117) ~[spring-webmvc-5.3.17.jar:5.3.17]
	at org.springframework.web.servlet.mvc.method.annotation.RequestMappingHandlerAdapter.invokeHandlerMethod(RequestMappingHandlerAdapter.java:895) ~[spring-webmvc-5.3.17.jar:5.3.17]
	at org.springframework.web.servlet.mvc.method.annotation.RequestMappingHandlerAdapter.handleInternal(RequestMappingHandlerAdapter.java:808) ~[spring-webmvc-5.3.17.jar:5.3.17]
	at org.springframework.web.servlet.mvc.method.AbstractHandlerMethodAdapter.handle(AbstractHandlerMethodAdapter.java:87) ~[spring-webmvc-5.3.17.jar:5.3.17]
	at org.springframework.web.servlet.DispatcherServlet.doDispatch(DispatcherServlet.java:1067) ~[spring-webmvc-5.3.17.jar:5.3.17]
	at org.springframework.web.servlet.DispatcherServlet.doService(DispatcherServlet.java:963) ~[spring-webmvc-5.3.17.jar:5.3.17]
	at org.springframework.web.servlet.FrameworkServlet.processRequest(FrameworkServlet.java:1006) ~[spring-webmvc-5.3.17.jar:5.3.17]
	at org.springframework.web.servlet.FrameworkServlet.doGet(FrameworkServlet.java:898) ~[spring-webmvc-5.3.17.jar:5.3.17]
	at javax.servlet.http.HttpServlet.service(HttpServlet.java:655) ~[tomcat-embed-core-9.0.60.jar:4.0.FR]
	at org.springframework.web.servlet.FrameworkServlet.service(FrameworkServlet.java:883) ~[spring-webmvc-5.3.17.jar:5.3.17]
	at javax.servlet.http.HttpServlet.service(HttpServlet.java:764) ~[tomcat-embed-core-9.0.60.jar:4.0.FR]
	at org.apache.catalina.core.ApplicationFilterChain.internalDoFilter(ApplicationFilterChain.java:227) ~[tomcat-embed-core-9.0.60.jar:9.0.60]
	at org.apache.catalina.core.ApplicationFilterChain.doFilter(ApplicationFilterChain.java:162) ~[tomcat-embed-core-9.0.60.jar:9.0.60]
	at org.apache.tomcat.websocket.server.WsFilter.doFilter(WsFilter.java:53) ~[tomcat-embed-websocket-9.0.60.jar:9.0.60]
	at org.apache.catalina.core.ApplicationFilterChain.internalDoFilter(ApplicationFilterChain.java:189) ~[tomcat-embed-core-9.0.60.jar:9.0.60]
	at org.apache.catalina.core.ApplicationFilterChain.doFilter(ApplicationFilterChain.java:162) ~[tomcat-embed-core-9.0.60.jar:9.0.60]
	at org.springframework.web.filter.RequestContextFilter.doFilterInternal(RequestContextFilter.java:100) ~[spring-web-5.3.17.jar:5.3.17]
	at org.springframework.web.filter.OncePerRequestFilter.doFilter(OncePerRequestFilter.java:117) ~[spring-web-5.3.17.jar:5.3.17]
	at org.apache.catalina.core.ApplicationFilterChain.internalDoFilter(ApplicationFilterChain.java:189) ~[tomcat-embed-core-9.0.60.jar:9.0.60]
	at org.apache.catalina.core.ApplicationFilterChain.doFilter(ApplicationFilterChain.java:162) ~[tomcat-embed-core-9.0.60.jar:9.0.60]
	at org.springframework.web.filter.FormContentFilter.doFilterInternal(FormContentFilter.java:93) ~[spring-web-5.3.17.jar:5.3.17]
	at org.springframework.web.filter.OncePerRequestFilter.doFilter(OncePerRequestFilter.java:117) ~[spring-web-5.3.17.jar:5.3.17]
	at org.apache.catalina.core.ApplicationFilterChain.internalDoFilter(ApplicationFilterChain.java:189) ~[tomcat-embed-core-9.0.60.jar:9.0.60]
	at org.apache.catalina.core.ApplicationFilterChain.doFilter(ApplicationFilterChain.java:162) ~[tomcat-embed-core-9.0.60.jar:9.0.60]
	at org.springframework.web.filter.CharacterEncodingFilter.doFilterInternal(CharacterEncodingFilter.java:201) ~[spring-web-5.3.17.jar:5.3.17]
	at org.springframework.web.filter.OncePerRequestFilter.doFilter(OncePerRequestFilter.java:117) ~[spring-web-5.3.17.jar:5.3.17]
	at org.apache.catalina.core.ApplicationFilterChain.internalDoFilter(ApplicationFilterChain.java:189) ~[tomcat-embed-core-9.0.60.jar:9.0.60]
	at org.apache.catalina.core.ApplicationFilterChain.doFilter(ApplicationFilterChain.java:162) ~[tomcat-embed-core-9.0.60.jar:9.0.60]
	at org.apache.catalina.core.StandardWrapperValve.invoke(StandardWrapperValve.java:197) ~[tomcat-embed-core-9.0.60.jar:9.0.60]
	at org.apache.catalina.core.StandardContextValve.invoke(StandardContextValve.java:97) ~[tomcat-embed-core-9.0.60.jar:9.0.60]
	at org.apache.catalina.authenticator.AuthenticatorBase.invoke(AuthenticatorBase.java:541) ~[tomcat-embed-core-9.0.60.jar:9.0.60]
	at org.apache.catalina.core.StandardHostValve.invoke(StandardHostValve.java:135) ~[tomcat-embed-core-9.0.60.jar:9.0.60]
	at org.apache.catalina.valves.ErrorReportValve.invoke(ErrorReportValve.java:92) ~[tomcat-embed-core-9.0.60.jar:9.0.60]
	at org.apache.catalina.core.StandardEngineValve.invoke(StandardEngineValve.java:78) ~[tomcat-embed-core-9.0.60.jar:9.0.60]
	at org.apache.catalina.connector.CoyoteAdapter.service(CoyoteAdapter.java:360) ~[tomcat-embed-core-9.0.60.jar:9.0.60]
	at org.apache.coyote.http11.Http11Processor.service(Http11Processor.java:399) ~[tomcat-embed-core-9.0.60.jar:9.0.60]
	at org.apache.coyote.AbstractProcessorLight.process(AbstractProcessorLight.java:65) ~[tomcat-embed-core-9.0.60.jar:9.0.60]
	at org.apache.coyote.AbstractProtocol$ConnectionHandler.process(AbstractProtocol.java:889) ~[tomcat-embed-core-9.0.60.jar:9.0.60]
	at org.apache.tomcat.util.net.NioEndpoint$SocketProcessor.doRun(NioEndpoint.java:1743) ~[tomcat-embed-core-9.0.60.jar:9.0.60]
	at org.apache.tomcat.util.net.SocketProcessorBase.run(SocketProcessorBase.java:49) ~[tomcat-embed-core-9.0.60.jar:9.0.60]
	at org.apache.tomcat.util.threads.ThreadPoolExecutor.runWorker(ThreadPoolExecutor.java:1191) ~[tomcat-embed-core-9.0.60.jar:9.0.60]
	at org.apache.tomcat.util.threads.ThreadPoolExecutor$Worker.run(ThreadPoolExecutor.java:659) ~[tomcat-embed-core-9.0.60.jar:9.0.60]
	at org.apache.tomcat.util.threads.TaskThread$WrappingRunnable.run(TaskThread.java:61) ~[tomcat-embed-core-9.0.60.jar:9.0.60]
	at java.base/java.lang.Thread.run(Thread.java:832) ~[na:na]
Caused by: org.eclipse.jgit.errors.TransportException: https://github.com/crborges/full_spring_netflix: not authorized
	at org.eclipse.jgit.transport.TransportHttp.connect(TransportHttp.java:685) ~[org.eclipse.jgit-5.12.0.202106070339-r.jar:5.12.0.202106070339-r]
	at org.eclipse.jgit.transport.TransportHttp.openFetch(TransportHttp.java:465) ~[org.eclipse.jgit-5.12.0.202106070339-r.jar:5.12.0.202106070339-r]
	at org.eclipse.jgit.transport.FetchProcess.executeImp(FetchProcess.java:142) ~[org.eclipse.jgit-5.12.0.202106070339-r.jar:5.12.0.202106070339-r]
	at org.eclipse.jgit.transport.FetchProcess.execute(FetchProcess.java:94) ~[org.eclipse.jgit-5.12.0.202106070339-r.jar:5.12.0.202106070339-r]
	at org.eclipse.jgit.transport.Transport.fetch(Transport.java:1309) ~[org.eclipse.jgit-5.12.0.202106070339-r.jar:5.12.0.202106070339-r]
	at org.eclipse.jgit.api.FetchCommand.call(FetchCommand.java:213) ~[org.eclipse.jgit-5.12.0.202106070339-r.jar:5.12.0.202106070339-r]
	... 75 common frames omitted

2022-08-07 16:08:54.327  WARN 26596 --- [http-nio-8888-exec-1] .c.s.e.MultipleJGitEnvironmentRepository : Error occured cloning to base directory.

org.eclipse.jgit.api.errors.TransportException: https://github.com/crborges/full_spring_netflix: not authorized
	at org.eclipse.jgit.api.FetchCommand.call(FetchCommand.java:224) ~[org.eclipse.jgit-5.12.0.202106070339-r.jar:5.12.0.202106070339-r]
	at org.eclipse.jgit.api.CloneCommand.fetch(CloneCommand.java:303) ~[org.eclipse.jgit-5.12.0.202106070339-r.jar:5.12.0.202106070339-r]
	at org.eclipse.jgit.api.CloneCommand.call(CloneCommand.java:178) ~[org.eclipse.jgit-5.12.0.202106070339-r.jar:5.12.0.202106070339-r]
	at org.springframework.cloud.config.server.environment.JGitEnvironmentRepository.cloneToBasedir(JGitEnvironmentRepository.java:658) ~[spring-cloud-config-server-3.1.1.jar:3.1.1]
	at org.springframework.cloud.config.server.environment.JGitEnvironmentRepository.copyRepository(JGitEnvironmentRepository.java:633) ~[spring-cloud-config-server-3.1.1.jar:3.1.1]
	at org.springframework.cloud.config.server.environment.JGitEnvironmentRepository.createGitClient(JGitEnvironmentRepository.java:616) ~[spring-cloud-config-server-3.1.1.jar:3.1.1]
	at org.springframework.cloud.config.server.environment.JGitEnvironmentRepository.refresh(JGitEnvironmentRepository.java:296) ~[spring-cloud-config-server-3.1.1.jar:3.1.1]
	at org.springframework.cloud.config.server.environment.JGitEnvironmentRepository.getLocations(JGitEnvironmentRepository.java:262) ~[spring-cloud-config-server-3.1.1.jar:3.1.1]
	at org.springframework.cloud.config.server.environment.MultipleJGitEnvironmentRepository.getLocations(MultipleJGitEnvironmentRepository.java:139) ~[spring-cloud-config-server-3.1.1.jar:3.1.1]
	at org.springframework.cloud.config.server.environment.AbstractScmEnvironmentRepository.findOne(AbstractScmEnvironmentRepository.java:55) ~[spring-cloud-config-server-3.1.1.jar:3.1.1]
	at org.springframework.cloud.config.server.environment.MultipleJGitEnvironmentRepository.findOneFromCandidate(MultipleJGitEnvironmentRepository.java:188) ~[spring-cloud-config-server-3.1.1.jar:3.1.1]
	at org.springframework.cloud.config.server.environment.MultipleJGitEnvironmentRepository.findOne(MultipleJGitEnvironmentRepository.java:178) ~[spring-cloud-config-server-3.1.1.jar:3.1.1]
	at org.springframework.cloud.config.server.environment.CompositeEnvironmentRepository.findOne(CompositeEnvironmentRepository.java:64) ~[spring-cloud-config-server-3.1.1.jar:3.1.1]
	at org.springframework.cloud.config.server.environment.EnvironmentEncryptorEnvironmentRepository.findOne(EnvironmentEncryptorEnvironmentRepository.java:61) ~[spring-cloud-config-server-3.1.1.jar:3.1.1]
	at org.springframework.cloud.config.server.environment.EnvironmentController.getEnvironment(EnvironmentController.java:132) ~[spring-cloud-config-server-3.1.1.jar:3.1.1]
	at org.springframework.cloud.config.server.environment.EnvironmentController.defaultLabelIncludeOrigin(EnvironmentController.java:114) ~[spring-cloud-config-server-3.1.1.jar:3.1.1]
	at java.base/jdk.internal.reflect.NativeMethodAccessorImpl.invoke0(Native Method) ~[na:na]
	at java.base/jdk.internal.reflect.NativeMethodAccessorImpl.invoke(NativeMethodAccessorImpl.java:64) ~[na:na]
	at java.base/jdk.internal.reflect.DelegatingMethodAccessorImpl.invoke(DelegatingMethodAccessorImpl.java:43) ~[na:na]
	at java.base/java.lang.reflect.Method.invoke(Method.java:564) ~[na:na]
	at org.springframework.util.ReflectionUtils.invokeMethod(ReflectionUtils.java:282) ~[spring-core-5.3.17.jar:5.3.17]
	at org.springframework.cloud.context.scope.GenericScope$LockedScopedProxyFactoryBean.invoke(GenericScope.java:485) ~[spring-cloud-context-3.1.1.jar:3.1.1]
	at org.springframework.aop.framework.ReflectiveMethodInvocation.proceed(ReflectiveMethodInvocation.java:186) ~[spring-aop-5.3.17.jar:5.3.17]
	at org.springframework.aop.framework.CglibAopProxy$CglibMethodInvocation.proceed(CglibAopProxy.java:753) ~[spring-aop-5.3.17.jar:5.3.17]
	at org.springframework.aop.framework.CglibAopProxy$DynamicAdvisedInterceptor.intercept(CglibAopProxy.java:698) ~[spring-aop-5.3.17.jar:5.3.17]
	at org.springframework.cloud.config.server.environment.EnvironmentController$$EnhancerBySpringCGLIB$$bef616cb.defaultLabelIncludeOrigin(<generated>) ~[spring-cloud-config-server-3.1.1.jar:3.1.1]
	at java.base/jdk.internal.reflect.NativeMethodAccessorImpl.invoke0(Native Method) ~[na:na]
	at java.base/jdk.internal.reflect.NativeMethodAccessorImpl.invoke(NativeMethodAccessorImpl.java:64) ~[na:na]
	at java.base/jdk.internal.reflect.DelegatingMethodAccessorImpl.invoke(DelegatingMethodAccessorImpl.java:43) ~[na:na]
	at java.base/java.lang.reflect.Method.invoke(Method.java:564) ~[na:na]
	at org.springframework.web.method.support.InvocableHandlerMethod.doInvoke(InvocableHandlerMethod.java:205) ~[spring-web-5.3.17.jar:5.3.17]
	at org.springframework.web.method.support.InvocableHandlerMethod.invokeForRequest(InvocableHandlerMethod.java:150) ~[spring-web-5.3.17.jar:5.3.17]
	at org.springframework.web.servlet.mvc.method.annotation.ServletInvocableHandlerMethod.invokeAndHandle(ServletInvocableHandlerMethod.java:117) ~[spring-webmvc-5.3.17.jar:5.3.17]
	at org.springframework.web.servlet.mvc.method.annotation.RequestMappingHandlerAdapter.invokeHandlerMethod(RequestMappingHandlerAdapter.java:895) ~[spring-webmvc-5.3.17.jar:5.3.17]
	at org.springframework.web.servlet.mvc.method.annotation.RequestMappingHandlerAdapter.handleInternal(RequestMappingHandlerAdapter.java:808) ~[spring-webmvc-5.3.17.jar:5.3.17]
	at org.springframework.web.servlet.mvc.method.AbstractHandlerMethodAdapter.handle(AbstractHandlerMethodAdapter.java:87) ~[spring-webmvc-5.3.17.jar:5.3.17]
	at org.springframework.web.servlet.DispatcherServlet.doDispatch(DispatcherServlet.java:1067) ~[spring-webmvc-5.3.17.jar:5.3.17]
	at org.springframework.web.servlet.DispatcherServlet.doService(DispatcherServlet.java:963) ~[spring-webmvc-5.3.17.jar:5.3.17]
	at org.springframework.web.servlet.FrameworkServlet.processRequest(FrameworkServlet.java:1006) ~[spring-webmvc-5.3.17.jar:5.3.17]
	at org.springframework.web.servlet.FrameworkServlet.doGet(FrameworkServlet.java:898) ~[spring-webmvc-5.3.17.jar:5.3.17]
	at javax.servlet.http.HttpServlet.service(HttpServlet.java:655) ~[tomcat-embed-core-9.0.60.jar:4.0.FR]
	at org.springframework.web.servlet.FrameworkServlet.service(FrameworkServlet.java:883) ~[spring-webmvc-5.3.17.jar:5.3.17]
	at javax.servlet.http.HttpServlet.service(HttpServlet.java:764) ~[tomcat-embed-core-9.0.60.jar:4.0.FR]
	at org.apache.catalina.core.ApplicationFilterChain.internalDoFilter(ApplicationFilterChain.java:227) ~[tomcat-embed-core-9.0.60.jar:9.0.60]
	at org.apache.catalina.core.ApplicationFilterChain.doFilter(ApplicationFilterChain.java:162) ~[tomcat-embed-core-9.0.60.jar:9.0.60]
	at org.apache.tomcat.websocket.server.WsFilter.doFilter(WsFilter.java:53) ~[tomcat-embed-websocket-9.0.60.jar:9.0.60]
	at org.apache.catalina.core.ApplicationFilterChain.internalDoFilter(ApplicationFilterChain.java:189) ~[tomcat-embed-core-9.0.60.jar:9.0.60]
	at org.apache.catalina.core.ApplicationFilterChain.doFilter(ApplicationFilterChain.java:162) ~[tomcat-embed-core-9.0.60.jar:9.0.60]
	at org.springframework.web.filter.RequestContextFilter.doFilterInternal(RequestContextFilter.java:100) ~[spring-web-5.3.17.jar:5.3.17]
	at org.springframework.web.filter.OncePerRequestFilter.doFilter(OncePerRequestFilter.java:117) ~[spring-web-5.3.17.jar:5.3.17]
	at org.apache.catalina.core.ApplicationFilterChain.internalDoFilter(ApplicationFilterChain.java:189) ~[tomcat-embed-core-9.0.60.jar:9.0.60]
	at org.apache.catalina.core.ApplicationFilterChain.doFilter(ApplicationFilterChain.java:162) ~[tomcat-embed-core-9.0.60.jar:9.0.60]
	at org.springframework.web.filter.FormContentFilter.doFilterInternal(FormContentFilter.java:93) ~[spring-web-5.3.17.jar:5.3.17]
	at org.springframework.web.filter.OncePerRequestFilter.doFilter(OncePerRequestFilter.java:117) ~[spring-web-5.3.17.jar:5.3.17]
	at org.apache.catalina.core.ApplicationFilterChain.internalDoFilter(ApplicationFilterChain.java:189) ~[tomcat-embed-core-9.0.60.jar:9.0.60]
	at org.apache.catalina.core.ApplicationFilterChain.doFilter(ApplicationFilterChain.java:162) ~[tomcat-embed-core-9.0.60.jar:9.0.60]
	at org.springframework.web.filter.CharacterEncodingFilter.doFilterInternal(CharacterEncodingFilter.java:201) ~[spring-web-5.3.17.jar:5.3.17]
	at org.springframework.web.filter.OncePerRequestFilter.doFilter(OncePerRequestFilter.java:117) ~[spring-web-5.3.17.jar:5.3.17]
	at org.apache.catalina.core.ApplicationFilterChain.internalDoFilter(ApplicationFilterChain.java:189) ~[tomcat-embed-core-9.0.60.jar:9.0.60]
	at org.apache.catalina.core.ApplicationFilterChain.doFilter(ApplicationFilterChain.java:162) ~[tomcat-embed-core-9.0.60.jar:9.0.60]
	at org.apache.catalina.core.StandardWrapperValve.invoke(StandardWrapperValve.java:197) ~[tomcat-embed-core-9.0.60.jar:9.0.60]
	at org.apache.catalina.core.StandardContextValve.invoke(StandardContextValve.java:97) ~[tomcat-embed-core-9.0.60.jar:9.0.60]
	at org.apache.catalina.authenticator.AuthenticatorBase.invoke(AuthenticatorBase.java:541) ~[tomcat-embed-core-9.0.60.jar:9.0.60]
	at org.apache.catalina.core.StandardHostValve.invoke(StandardHostValve.java:135) ~[tomcat-embed-core-9.0.60.jar:9.0.60]
	at org.apache.catalina.valves.ErrorReportValve.invoke(ErrorReportValve.java:92) ~[tomcat-embed-core-9.0.60.jar:9.0.60]
	at org.apache.catalina.core.StandardEngineValve.invoke(StandardEngineValve.java:78) ~[tomcat-embed-core-9.0.60.jar:9.0.60]
	at org.apache.catalina.connector.CoyoteAdapter.service(CoyoteAdapter.java:360) ~[tomcat-embed-core-9.0.60.jar:9.0.60]
	at org.apache.coyote.http11.Http11Processor.service(Http11Processor.java:399) ~[tomcat-embed-core-9.0.60.jar:9.0.60]
	at org.apache.coyote.AbstractProcessorLight.process(AbstractProcessorLight.java:65) ~[tomcat-embed-core-9.0.60.jar:9.0.60]
	at org.apache.coyote.AbstractProtocol$ConnectionHandler.process(AbstractProtocol.java:889) ~[tomcat-embed-core-9.0.60.jar:9.0.60]
	at org.apache.tomcat.util.net.NioEndpoint$SocketProcessor.doRun(NioEndpoint.java:1743) ~[tomcat-embed-core-9.0.60.jar:9.0.60]
	at org.apache.tomcat.util.net.SocketProcessorBase.run(SocketProcessorBase.java:49) ~[tomcat-embed-core-9.0.60.jar:9.0.60]
	at org.apache.tomcat.util.threads.ThreadPoolExecutor.runWorker(ThreadPoolExecutor.java:1191) ~[tomcat-embed-core-9.0.60.jar:9.0.60]
	at org.apache.tomcat.util.threads.ThreadPoolExecutor$Worker.run(ThreadPoolExecutor.java:659) ~[tomcat-embed-core-9.0.60.jar:9.0.60]
	at org.apache.tomcat.util.threads.TaskThread$WrappingRunnable.run(TaskThread.java:61) ~[tomcat-embed-core-9.0.60.jar:9.0.60]
	at java.base/java.lang.Thread.run(Thread.java:832) ~[na:na]
Caused by: org.eclipse.jgit.errors.TransportException: https://github.com/crborges/full_spring_netflix: not authorized
	at org.eclipse.jgit.transport.TransportHttp.connect(TransportHttp.java:685) ~[org.eclipse.jgit-5.12.0.202106070339-r.jar:5.12.0.202106070339-r]
	at org.eclipse.jgit.transport.TransportHttp.openFetch(TransportHttp.java:465) ~[org.eclipse.jgit-5.12.0.202106070339-r.jar:5.12.0.202106070339-r]
	at org.eclipse.jgit.transport.FetchProcess.executeImp(FetchProcess.java:142) ~[org.eclipse.jgit-5.12.0.202106070339-r.jar:5.12.0.202106070339-r]
	at org.eclipse.jgit.transport.FetchProcess.execute(FetchProcess.java:94) ~[org.eclipse.jgit-5.12.0.202106070339-r.jar:5.12.0.202106070339-r]
	at org.eclipse.jgit.transport.Transport.fetch(Transport.java:1309) ~[org.eclipse.jgit-5.12.0.202106070339-r.jar:5.12.0.202106070339-r]
	at org.eclipse.jgit.api.FetchCommand.call(FetchCommand.java:213) ~[org.eclipse.jgit-5.12.0.202106070339-r.jar:5.12.0.202106070339-r]
	... 75 common frames omitted

2022-08-07 16:08:54.328  WARN 26596 --- [http-nio-8888-exec-1] o.s.c.c.s.e.EnvironmentController        : Error getting the Environment with name=rh-gateway profiles=default label=null includeOrigin=true

org.springframework.cloud.config.server.environment.NoSuchRepositoryException: Cannot clone or checkout repository: https://github.com/crborges/full_spring_netflix
	at org.springframework.cloud.config.server.environment.JGitEnvironmentRepository.refresh(JGitEnvironmentRepository.java:320) ~[spring-cloud-config-server-3.1.1.jar:3.1.1]
	at org.springframework.cloud.config.server.environment.JGitEnvironmentRepository.getLocations(JGitEnvironmentRepository.java:262) ~[spring-cloud-config-server-3.1.1.jar:3.1.1]
	at org.springframework.cloud.config.server.environment.MultipleJGitEnvironmentRepository.getLocations(MultipleJGitEnvironmentRepository.java:139) ~[spring-cloud-config-server-3.1.1.jar:3.1.1]
	at org.springframework.cloud.config.server.environment.AbstractScmEnvironmentRepository.findOne(AbstractScmEnvironmentRepository.java:55) ~[spring-cloud-config-server-3.1.1.jar:3.1.1]
	at org.springframework.cloud.config.server.environment.MultipleJGitEnvironmentRepository.findOneFromCandidate(MultipleJGitEnvironmentRepository.java:188) ~[spring-cloud-config-server-3.1.1.jar:3.1.1]
	at org.springframework.cloud.config.server.environment.MultipleJGitEnvironmentRepository.findOne(MultipleJGitEnvironmentRepository.java:178) ~[spring-cloud-config-server-3.1.1.jar:3.1.1]
	at org.springframework.cloud.config.server.environment.CompositeEnvironmentRepository.findOne(CompositeEnvironmentRepository.java:64) ~[spring-cloud-config-server-3.1.1.jar:3.1.1]
	at org.springframework.cloud.config.server.environment.EnvironmentEncryptorEnvironmentRepository.findOne(EnvironmentEncryptorEnvironmentRepository.java:61) ~[spring-cloud-config-server-3.1.1.jar:3.1.1]
	at org.springframework.cloud.config.server.environment.EnvironmentController.getEnvironment(EnvironmentController.java:132) ~[spring-cloud-config-server-3.1.1.jar:3.1.1]
	at org.springframework.cloud.config.server.environment.EnvironmentController.defaultLabelIncludeOrigin(EnvironmentController.java:114) ~[spring-cloud-config-server-3.1.1.jar:3.1.1]
	at java.base/jdk.internal.reflect.NativeMethodAccessorImpl.invoke0(Native Method) ~[na:na]
	at java.base/jdk.internal.reflect.NativeMethodAccessorImpl.invoke(NativeMethodAccessorImpl.java:64) ~[na:na]
	at java.base/jdk.internal.reflect.DelegatingMethodAccessorImpl.invoke(DelegatingMethodAccessorImpl.java:43) ~[na:na]
	at java.base/java.lang.reflect.Method.invoke(Method.java:564) ~[na:na]
	at org.springframework.util.ReflectionUtils.invokeMethod(ReflectionUtils.java:282) ~[spring-core-5.3.17.jar:5.3.17]
	at org.springframework.cloud.context.scope.GenericScope$LockedScopedProxyFactoryBean.invoke(GenericScope.java:485) ~[spring-cloud-context-3.1.1.jar:3.1.1]
	at org.springframework.aop.framework.ReflectiveMethodInvocation.proceed(ReflectiveMethodInvocation.java:186) ~[spring-aop-5.3.17.jar:5.3.17]
	at org.springframework.aop.framework.CglibAopProxy$CglibMethodInvocation.proceed(CglibAopProxy.java:753) ~[spring-aop-5.3.17.jar:5.3.17]
	at org.springframework.aop.framework.CglibAopProxy$DynamicAdvisedInterceptor.intercept(CglibAopProxy.java:698) ~[spring-aop-5.3.17.jar:5.3.17]
	at org.springframework.cloud.config.server.environment.EnvironmentController$$EnhancerBySpringCGLIB$$bef616cb.defaultLabelIncludeOrigin(<generated>) ~[spring-cloud-config-server-3.1.1.jar:3.1.1]
	at java.base/jdk.internal.reflect.NativeMethodAccessorImpl.invoke0(Native Method) ~[na:na]
	at java.base/jdk.internal.reflect.NativeMethodAccessorImpl.invoke(NativeMethodAccessorImpl.java:64) ~[na:na]
	at java.base/jdk.internal.reflect.DelegatingMethodAccessorImpl.invoke(DelegatingMethodAccessorImpl.java:43) ~[na:na]
	at java.base/java.lang.reflect.Method.invoke(Method.java:564) ~[na:na]
	at org.springframework.web.method.support.InvocableHandlerMethod.doInvoke(InvocableHandlerMethod.java:205) ~[spring-web-5.3.17.jar:5.3.17]
	at org.springframework.web.method.support.InvocableHandlerMethod.invokeForRequest(InvocableHandlerMethod.java:150) ~[spring-web-5.3.17.jar:5.3.17]
	at org.springframework.web.servlet.mvc.method.annotation.ServletInvocableHandlerMethod.invokeAndHandle(ServletInvocableHandlerMethod.java:117) ~[spring-webmvc-5.3.17.jar:5.3.17]
	at org.springframework.web.servlet.mvc.method.annotation.RequestMappingHandlerAdapter.invokeHandlerMethod(RequestMappingHandlerAdapter.java:895) ~[spring-webmvc-5.3.17.jar:5.3.17]
	at org.springframework.web.servlet.mvc.method.annotation.RequestMappingHandlerAdapter.handleInternal(RequestMappingHandlerAdapter.java:808) ~[spring-webmvc-5.3.17.jar:5.3.17]
	at org.springframework.web.servlet.mvc.method.AbstractHandlerMethodAdapter.handle(AbstractHandlerMethodAdapter.java:87) ~[spring-webmvc-5.3.17.jar:5.3.17]
	at org.springframework.web.servlet.DispatcherServlet.doDispatch(DispatcherServlet.java:1067) ~[spring-webmvc-5.3.17.jar:5.3.17]
	at org.springframework.web.servlet.DispatcherServlet.doService(DispatcherServlet.java:963) ~[spring-webmvc-5.3.17.jar:5.3.17]
	at org.springframework.web.servlet.FrameworkServlet.processRequest(FrameworkServlet.java:1006) ~[spring-webmvc-5.3.17.jar:5.3.17]
	at org.springframework.web.servlet.FrameworkServlet.doGet(FrameworkServlet.java:898) ~[spring-webmvc-5.3.17.jar:5.3.17]
	at javax.servlet.http.HttpServlet.service(HttpServlet.java:655) ~[tomcat-embed-core-9.0.60.jar:4.0.FR]
	at org.springframework.web.servlet.FrameworkServlet.service(FrameworkServlet.java:883) ~[spring-webmvc-5.3.17.jar:5.3.17]
	at javax.servlet.http.HttpServlet.service(HttpServlet.java:764) ~[tomcat-embed-core-9.0.60.jar:4.0.FR]
	at org.apache.catalina.core.ApplicationFilterChain.internalDoFilter(ApplicationFilterChain.java:227) ~[tomcat-embed-core-9.0.60.jar:9.0.60]
	at org.apache.catalina.core.ApplicationFilterChain.doFilter(ApplicationFilterChain.java:162) ~[tomcat-embed-core-9.0.60.jar:9.0.60]
	at org.apache.tomcat.websocket.server.WsFilter.doFilter(WsFilter.java:53) ~[tomcat-embed-websocket-9.0.60.jar:9.0.60]
	at org.apache.catalina.core.ApplicationFilterChain.internalDoFilter(ApplicationFilterChain.java:189) ~[tomcat-embed-core-9.0.60.jar:9.0.60]
	at org.apache.catalina.core.ApplicationFilterChain.doFilter(ApplicationFilterChain.java:162) ~[tomcat-embed-core-9.0.60.jar:9.0.60]
	at org.springframework.web.filter.RequestContextFilter.doFilterInternal(RequestContextFilter.java:100) ~[spring-web-5.3.17.jar:5.3.17]
	at org.springframework.web.filter.OncePerRequestFilter.doFilter(OncePerRequestFilter.java:117) ~[spring-web-5.3.17.jar:5.3.17]
	at org.apache.catalina.core.ApplicationFilterChain.internalDoFilter(ApplicationFilterChain.java:189) ~[tomcat-embed-core-9.0.60.jar:9.0.60]
	at org.apache.catalina.core.ApplicationFilterChain.doFilter(ApplicationFilterChain.java:162) ~[tomcat-embed-core-9.0.60.jar:9.0.60]
	at org.springframework.web.filter.FormContentFilter.doFilterInternal(FormContentFilter.java:93) ~[spring-web-5.3.17.jar:5.3.17]
	at org.springframework.web.filter.OncePerRequestFilter.doFilter(OncePerRequestFilter.java:117) ~[spring-web-5.3.17.jar:5.3.17]
	at org.apache.catalina.core.ApplicationFilterChain.internalDoFilter(ApplicationFilterChain.java:189) ~[tomcat-embed-core-9.0.60.jar:9.0.60]
	at org.apache.catalina.core.ApplicationFilterChain.doFilter(ApplicationFilterChain.java:162) ~[tomcat-embed-core-9.0.60.jar:9.0.60]
	at org.springframework.web.filter.CharacterEncodingFilter.doFilterInternal(CharacterEncodingFilter.java:201) ~[spring-web-5.3.17.jar:5.3.17]
	at org.springframework.web.filter.OncePerRequestFilter.doFilter(OncePerRequestFilter.java:117) ~[spring-web-5.3.17.jar:5.3.17]
	at org.apache.catalina.core.ApplicationFilterChain.internalDoFilter(ApplicationFilterChain.java:189) ~[tomcat-embed-core-9.0.60.jar:9.0.60]
	at org.apache.catalina.core.ApplicationFilterChain.doFilter(ApplicationFilterChain.java:162) ~[tomcat-embed-core-9.0.60.jar:9.0.60]
	at org.apache.catalina.core.StandardWrapperValve.invoke(StandardWrapperValve.java:197) ~[tomcat-embed-core-9.0.60.jar:9.0.60]
	at org.apache.catalina.core.StandardContextValve.invoke(StandardContextValve.java:97) ~[tomcat-embed-core-9.0.60.jar:9.0.60]
	at org.apache.catalina.authenticator.AuthenticatorBase.invoke(AuthenticatorBase.java:541) ~[tomcat-embed-core-9.0.60.jar:9.0.60]
	at org.apache.catalina.core.StandardHostValve.invoke(StandardHostValve.java:135) ~[tomcat-embed-core-9.0.60.jar:9.0.60]
	at org.apache.catalina.valves.ErrorReportValve.invoke(ErrorReportValve.java:92) ~[tomcat-embed-core-9.0.60.jar:9.0.60]
	at org.apache.catalina.core.StandardEngineValve.invoke(StandardEngineValve.java:78) ~[tomcat-embed-core-9.0.60.jar:9.0.60]
	at org.apache.catalina.connector.CoyoteAdapter.service(CoyoteAdapter.java:360) ~[tomcat-embed-core-9.0.60.jar:9.0.60]
	at org.apache.coyote.http11.Http11Processor.service(Http11Processor.java:399) ~[tomcat-embed-core-9.0.60.jar:9.0.60]
	at org.apache.coyote.AbstractProcessorLight.process(AbstractProcessorLight.java:65) ~[tomcat-embed-core-9.0.60.jar:9.0.60]
	at org.apache.coyote.AbstractProtocol$ConnectionHandler.process(AbstractProtocol.java:889) ~[tomcat-embed-core-9.0.60.jar:9.0.60]
	at org.apache.tomcat.util.net.NioEndpoint$SocketProcessor.doRun(NioEndpoint.java:1743) ~[tomcat-embed-core-9.0.60.jar:9.0.60]
	at org.apache.tomcat.util.net.SocketProcessorBase.run(SocketProcessorBase.java:49) ~[tomcat-embed-core-9.0.60.jar:9.0.60]
	at org.apache.tomcat.util.threads.ThreadPoolExecutor.runWorker(ThreadPoolExecutor.java:1191) ~[tomcat-embed-core-9.0.60.jar:9.0.60]
	at org.apache.tomcat.util.threads.ThreadPoolExecutor$Worker.run(ThreadPoolExecutor.java:659) ~[tomcat-embed-core-9.0.60.jar:9.0.60]
	at org.apache.tomcat.util.threads.TaskThread$WrappingRunnable.run(TaskThread.java:61) ~[tomcat-embed-core-9.0.60.jar:9.0.60]
	at java.base/java.lang.Thread.run(Thread.java:832) ~[na:na]
Caused by: org.eclipse.jgit.api.errors.TransportException: https://github.com/crborges/full_spring_netflix: not authorized
	at org.eclipse.jgit.api.FetchCommand.call(FetchCommand.java:224) ~[org.eclipse.jgit-5.12.0.202106070339-r.jar:5.12.0.202106070339-r]
	at org.eclipse.jgit.api.CloneCommand.fetch(CloneCommand.java:303) ~[org.eclipse.jgit-5.12.0.202106070339-r.jar:5.12.0.202106070339-r]
	at org.eclipse.jgit.api.CloneCommand.call(CloneCommand.java:178) ~[org.eclipse.jgit-5.12.0.202106070339-r.jar:5.12.0.202106070339-r]
	at org.springframework.cloud.config.server.environment.JGitEnvironmentRepository.cloneToBasedir(JGitEnvironmentRepository.java:658) ~[spring-cloud-config-server-3.1.1.jar:3.1.1]
	at org.springframework.cloud.config.server.environment.JGitEnvironmentRepository.copyRepository(JGitEnvironmentRepository.java:633) ~[spring-cloud-config-server-3.1.1.jar:3.1.1]
	at org.springframework.cloud.config.server.environment.JGitEnvironmentRepository.createGitClient(JGitEnvironmentRepository.java:616) ~[spring-cloud-config-server-3.1.1.jar:3.1.1]
	at org.springframework.cloud.config.server.environment.JGitEnvironmentRepository.refresh(JGitEnvironmentRepository.java:296) ~[spring-cloud-config-server-3.1.1.jar:3.1.1]
	... 69 common frames omitted
Caused by: org.eclipse.jgit.errors.TransportException: https://github.com/crborges/full_spring_netflix: not authorized
	at org.eclipse.jgit.transport.TransportHttp.connect(TransportHttp.java:685) ~[org.eclipse.jgit-5.12.0.202106070339-r.jar:5.12.0.202106070339-r]
	at org.eclipse.jgit.transport.TransportHttp.openFetch(TransportHttp.java:465) ~[org.eclipse.jgit-5.12.0.202106070339-r.jar:5.12.0.202106070339-r]
	at org.eclipse.jgit.transport.FetchProcess.executeImp(FetchProcess.java:142) ~[org.eclipse.jgit-5.12.0.202106070339-r.jar:5.12.0.202106070339-r]
	at org.eclipse.jgit.transport.FetchProcess.execute(FetchProcess.java:94) ~[org.eclipse.jgit-5.12.0.202106070339-r.jar:5.12.0.202106070339-r]
	at org.eclipse.jgit.transport.Transport.fetch(Transport.java:1309) ~[org.eclipse.jgit-5.12.0.202106070339-r.jar:5.12.0.202106070339-r]
	at org.eclipse.jgit.api.FetchCommand.call(FetchCommand.java:213) ~[org.eclipse.jgit-5.12.0.202106070339-r.jar:5.12.0.202106070339-r]
	... 75 common frames omitted

